<?xml version="1.0" encoding="UTF-8"?>
<testsuite name="com.cartisan.ApplicationTest" tests="1" skipped="0" failures="0" errors="0" timestamp="2020-11-15T11:26:42" hostname="zhangjinhuadeMacBook-Pro.local" time="0.008">
  <properties/>
  <testcase name="test" classname="com.cartisan.ApplicationTest" time="0.008"/>
  <system-out><![CDATA[Test
]]></system-out>
  <system-err><![CDATA[]]></system-err>
</testsuite>
